  [4;36;1mSQL (0.0ms)[0m   [0;1m SELECT name
 FROM sqlite_master
 WHERE type = 'table' AND NOT name = 'sqlite_sequence'
[0m
  [4;35;1mSQL (0.0ms)[0m   [0mselect sqlite_version(*)[0m
  [4;36;1mSQL (93.8ms)[0m   [0;1mCREATE TABLE "schema_migrations" ("version" varchar(255) NOT NULL) [0m
  [4;35;1mSQL (0.0ms)[0m   [0mPRAGMA index_list("schema_migrations")[0m
  [4;36;1mSQL (78.1ms)[0m   [0;1mCREATE UNIQUE INDEX "unique_schema_migrations" ON "schema_migrations" ("version")[0m
  [4;35;1mSQL (0.0ms)[0m   [0m SELECT name
 FROM sqlite_master
 WHERE type = 'table' AND NOT name = 'sqlite_sequence'
[0m
  [4;36;1mSQL (0.0ms)[0m   [0;1mSELECT version FROM schema_migrations[0m
Migrating to CreateUsers (20100805230218)
  [4;35;1mSQL (0.0ms)[0m   [0mCREATE TABLE "users" ("id" INTEGER PRIMARY KEY AUTOINCREMENT NOT NULL, "name" varchar(255), "email" varchar(255), "created_at" datetime, "updated_at" datetime) [0m
  [4;36;1mSQL (0.0ms)[0m   [0;1mINSERT INTO schema_migrations (version) VALUES ('20100805230218')[0m
  [4;35;1mSQL (0.0ms)[0m   [0m SELECT name
 FROM sqlite_master
 WHERE type = 'table' AND NOT name = 'sqlite_sequence'
[0m
  [4;36;1mSQL (0.0ms)[0m   [0;1mSELECT version FROM schema_migrations[0m
  [4;35;1mSQL (0.0ms)[0m   [0m SELECT name
 FROM sqlite_master
 WHERE type = 'table' AND NOT name = 'sqlite_sequence'
[0m
  [4;36;1mSQL (0.0ms)[0m   [0;1mPRAGMA index_list("users")[0m


Processing Rails::InfoController#properties (for 127.0.0.1 at 2010-08-05 16:04:55) [GET]
  [4;36;1mSQL (0.0ms)[0m   [0;1m SELECT name
 FROM sqlite_master
 WHERE type = 'table' AND NOT name = 'sqlite_sequence'
[0m
  [4;35;1mSQL (0.0ms)[0m   [0mSELECT version FROM schema_migrations[0m
Completed in 312ms (View: 62, DB: 0) | 200 OK [http://localhost/rails/info/properties]


Processing UsersController#index (for 127.0.0.1 at 2010-08-05 16:05:25) [GET]
  [4;36;1mUser Load (0.0ms)[0m   [0;1mSELECT * FROM "users" [0m
Rendering template within layouts/users
Rendering users/index
Completed in 1844ms (View: 1828, DB: 0) | 200 OK [http://localhost/users]


Processing UsersController#new (for 127.0.0.1 at 2010-08-05 16:05:39) [GET]
Rendering template within layouts/users
Rendering users/new
Completed in 31ms (View: 16, DB: 0) | 200 OK [http://localhost/users/new]


Processing UsersController#create (for 127.0.0.1 at 2010-08-05 16:06:19) [POST]
  Parameters: {"authenticity_token"=>"dPWx1wfd1moiwIIo56WCC4LdlyZG7LEF68jYIpmdFgg=", "user"=>{"name"=>"neb", "email"=>"neb_lect@yahoo.com"}, "commit"=>"Create"}
  [4;35;1mUser Create (0.0ms)[0m   [0mINSERT INTO "users" ("name", "email", "created_at", "updated_at") VALUES('neb', 'neb_lect@yahoo.com', '2010-08-05 23:06:19', '2010-08-05 23:06:19')[0m
Redirected to http://localhost:3000/users/1
Completed in 125ms (DB: 0) | 302 Found [http://localhost/users]


Processing UsersController#show (for 127.0.0.1 at 2010-08-05 16:06:19) [GET]
  Parameters: {"id"=>"1"}
  [4;36;1mUser Load (0.0ms)[0m   [0;1mSELECT * FROM "users" WHERE ("users"."id" = 1) [0m
Rendering template within layouts/users
Rendering users/show
Completed in 47ms (View: 0, DB: 0) | 200 OK [http://localhost/users/1]


Processing UsersController#index (for 127.0.0.1 at 2010-08-05 16:06:26) [GET]
  [4;35;1mUser Load (0.0ms)[0m   [0mSELECT * FROM "users" [0m
Rendering template within layouts/users
Rendering users/index
Completed in 16ms (View: 0, DB: 0) | 200 OK [http://localhost/users]


Processing UsersController#show (for 127.0.0.1 at 2010-08-05 16:06:29) [GET]
  Parameters: {"id"=>"1"}
  [4;36;1mUser Load (0.0ms)[0m   [0;1mSELECT * FROM "users" WHERE ("users"."id" = 1) [0m
Rendering template within layouts/users
Rendering users/show
Completed in 16ms (View: 16, DB: 0) | 200 OK [http://localhost/users/1]


Processing UsersController#index (for 127.0.0.1 at 2010-08-05 16:06:32) [GET]
  [4;35;1mUser Load (0.0ms)[0m   [0mSELECT * FROM "users" [0m
Rendering template within layouts/users
Rendering users/index
Completed in 16ms (View: 0, DB: 0) | 200 OK [http://localhost/users]


Processing UsersController#edit (for 127.0.0.1 at 2010-08-05 16:06:34) [GET]
  Parameters: {"id"=>"1"}
  [4;36;1mUser Load (0.0ms)[0m   [0;1mSELECT * FROM "users" WHERE ("users"."id" = 1) [0m
Rendering template within layouts/users
Rendering users/edit
Completed in 16ms (View: 16, DB: 0) | 200 OK [http://localhost/users/1/edit]


Processing UsersController#update (for 127.0.0.1 at 2010-08-05 16:06:38) [PUT]
  Parameters: {"authenticity_token"=>"dPWx1wfd1moiwIIo56WCC4LdlyZG7LEF68jYIpmdFgg=", "user"=>{"name"=>"neb", "email"=>"neb_lect@yahoo.com"}, "commit"=>"Update", "id"=>"1"}
  [4;35;1mUser Load (0.0ms)[0m   [0mSELECT * FROM "users" WHERE ("users"."id" = 1) [0m
Redirected to http://localhost:3000/users/1
Completed in 16ms (DB: 0) | 302 Found [http://localhost/users/1]


Processing UsersController#show (for 127.0.0.1 at 2010-08-05 16:06:38) [GET]
  Parameters: {"id"=>"1"}
  [4;36;1mUser Load (0.0ms)[0m   [0;1mSELECT * FROM "users" WHERE ("users"."id" = 1) [0m
Rendering template within layouts/users
Rendering users/show
Completed in 0ms (View: 0, DB: 0) | 200 OK [http://localhost/users/1]


Processing UsersController#index (for 127.0.0.1 at 2010-08-05 16:06:42) [GET]
  [4;35;1mUser Load (0.0ms)[0m   [0mSELECT * FROM "users" [0m
Rendering template within layouts/users
Rendering users/index
Completed in 16ms (View: 16, DB: 0) | 200 OK [http://localhost/users]


Processing UsersController#index (for 127.0.0.1 at 2010-08-05 17:08:22) [GET]
  [4;36;1mUser Load (0.0ms)[0m   [0;1mSELECT * FROM "users" [0m
Rendering template within layouts/users
Rendering users/index
Completed in 16ms (View: 0, DB: 0) | 200 OK [http://localhost/users]


Processing UsersController#new (for 127.0.0.1 at 2010-08-05 17:08:25) [GET]
Rendering template within layouts/users
Rendering users/new
Completed in 47ms (View: 31, DB: 0) | 200 OK [http://localhost/users/new]


Processing UsersController#create (for 127.0.0.1 at 2010-08-05 17:08:37) [POST]
  Parameters: {"authenticity_token"=>"cxsBHQGU29UF8XjyuGsYMDpm+FcROjASJWd8L9z1W/U=", "user"=>{"name"=>"dorky", "email"=>"dorzeyew@yahoo.com"}, "commit"=>"Create"}
  [4;35;1mUser Create (0.0ms)[0m   [0mINSERT INTO "users" ("name", "email", "created_at", "updated_at") VALUES('dorky', 'dorzeyew@yahoo.com', '2010-08-06 00:08:37', '2010-08-06 00:08:37')[0m
Redirected to http://localhost:3000/users/2
Completed in 203ms (DB: 0) | 302 Found [http://localhost/users]


Processing UsersController#show (for 127.0.0.1 at 2010-08-05 17:08:37) [GET]
  Parameters: {"id"=>"2"}
  [4;36;1mUser Load (0.0ms)[0m   [0;1mSELECT * FROM "users" WHERE ("users"."id" = 2) [0m
Rendering template within layouts/users
Rendering users/show
Completed in 16ms (View: 16, DB: 0) | 200 OK [http://localhost/users/2]


Processing UsersController#index (for 127.0.0.1 at 2010-08-05 17:08:40) [GET]
  [4;35;1mUser Load (0.0ms)[0m   [0mSELECT * FROM "users" [0m
Rendering template within layouts/users
Rendering users/index
Completed in 16ms (View: 16, DB: 0) | 200 OK [http://localhost/users]


Processing UsersController#show (for 127.0.0.1 at 2010-08-05 17:34:05) [GET]
  Parameters: {"id"=>"1"}
  [4;36;1mUser Load (0.0ms)[0m   [0;1mSELECT * FROM "users" WHERE ("users"."id" = 1) [0m
Rendering template within layouts/users
Rendering users/show
Completed in 16ms (View: 16, DB: 0) | 200 OK [http://localhost/users/1]


Processing UsersController#edit (for 127.0.0.1 at 2010-08-05 17:34:09) [GET]
  Parameters: {"id"=>"1"}
  [4;35;1mUser Load (0.0ms)[0m   [0mSELECT * FROM "users" WHERE ("users"."id" = 1) [0m
Rendering template within layouts/users
Rendering users/edit
Completed in 31ms (View: 16, DB: 0) | 200 OK [http://localhost/users/1/edit]


Processing UsersController#update (for 127.0.0.1 at 2010-08-05 17:34:16) [PUT]
  Parameters: {"authenticity_token"=>"cxsBHQGU29UF8XjyuGsYMDpm+FcROjASJWd8L9z1W/U=", "user"=>{"name"=>"neb", "email"=>"neb_lect@yahoo.com"}, "commit"=>"Update", "id"=>"1"}
  [4;36;1mUser Load (15.6ms)[0m   [0;1mSELECT * FROM "users" WHERE ("users"."id" = 1) [0m
Redirected to http://localhost:3000/users/1
Completed in 16ms (DB: 16) | 302 Found [http://localhost/users/1]


Processing UsersController#show (for 127.0.0.1 at 2010-08-05 17:34:16) [GET]
  Parameters: {"id"=>"1"}
  [4;35;1mUser Load (0.0ms)[0m   [0mSELECT * FROM "users" WHERE ("users"."id" = 1) [0m
Rendering template within layouts/users
Rendering users/show
Completed in 16ms (View: 0, DB: 0) | 200 OK [http://localhost/users/1]


Processing UsersController#index (for 127.0.0.1 at 2010-08-06 08:43:02) [GET]
  [4;36;1mUser Load (0.0ms)[0m   [0;1mSELECT * FROM "users" [0m
Rendering template within layouts/users
Rendering users/index
Completed in 16ms (View: 16, DB: 0) | 200 OK [http://localhost/users]


Processing UsersController#show (for 127.0.0.1 at 2010-08-06 08:43:08) [GET]
  Parameters: {"id"=>"1"}
  [4;35;1mUser Load (0.0ms)[0m   [0mSELECT * FROM "users" WHERE ("users"."id" = 1) [0m
Rendering template within layouts/users
Rendering users/show
Completed in 16ms (View: 16, DB: 0) | 200 OK [http://localhost/users/1]


Processing UsersController#show to xml (for 127.0.0.1 at 2010-08-06 08:43:14) [GET]
  Parameters: {"id"=>"1"}
  [4;36;1mUser Load (0.0ms)[0m   [0;1mSELECT * FROM "users" WHERE ("users"."id" = 1) [0m
Completed in 94ms (View: 94, DB: 0) | 200 OK [http://localhost/users/1.xml]


Processing UsersController#index (for 127.0.0.1 at 2010-08-06 08:44:10) [GET]
  [4;35;1mUser Load (0.0ms)[0m   [0mSELECT * FROM "users" [0m
Rendering template within layouts/users
Rendering users/index
Completed in 16ms (View: 0, DB: 0) | 200 OK [http://localhost/users]


Processing UsersController#edit (for 127.0.0.1 at 2010-08-06 08:44:12) [GET]
  Parameters: {"id"=>"1"}
  [4;36;1mUser Load (0.0ms)[0m   [0;1mSELECT * FROM "users" WHERE ("users"."id" = 1) [0m
Rendering template within layouts/users
Rendering users/edit
Completed in 47ms (View: 31, DB: 0) | 200 OK [http://localhost/users/1/edit]


Processing UsersController#index (for 127.0.0.1 at 2010-08-06 08:45:06) [GET]
  [4;35;1mUser Load (0.0ms)[0m   [0mSELECT * FROM "users" [0m
Rendering template within layouts/users
Rendering users/index
Completed in 16ms (View: 16, DB: 0) | 200 OK [http://localhost/users]


Processing UsersController#edit (for 127.0.0.1 at 2010-08-06 08:45:07) [GET]
  Parameters: {"id"=>"2"}
  [4;36;1mUser Load (0.0ms)[0m   [0;1mSELECT * FROM "users" WHERE ("users"."id" = 2) [0m
Rendering template within layouts/users
Rendering users/edit
Completed in 31ms (View: 16, DB: 0) | 200 OK [http://localhost/users/2/edit]


Processing UsersController#update (for 127.0.0.1 at 2010-08-06 08:59:30) [PUT]
  Parameters: {"authenticity_token"=>"dPWx1wfd1moiwIIo56WCC4LdlyZG7LEF68jYIpmdFgg=", "user"=>{"name"=>"dorky", "email"=>"dorzeyew@yahoocom"}, "commit"=>"Update", "id"=>"2"}
  [4;35;1mUser Load (0.0ms)[0m   [0mSELECT * FROM "users" WHERE ("users"."id" = 2) [0m
  [4;36;1mUser Update (15.6ms)[0m   [0;1mUPDATE "users" SET "email" = 'dorzeyew@yahoocom', "updated_at" = '2010-08-06 15:59:30' WHERE "id" = 2[0m
Redirected to http://localhost:3000/users/2
Completed in 94ms (DB: 16) | 302 Found [http://localhost/users/2]


Processing UsersController#show (for 127.0.0.1 at 2010-08-06 08:59:30) [GET]
  Parameters: {"id"=>"2"}
  [4;35;1mUser Load (0.0ms)[0m   [0mSELECT * FROM "users" WHERE ("users"."id" = 2) [0m
Rendering template within layouts/users
Rendering users/show
Completed in 16ms (View: 0, DB: 0) | 200 OK [http://localhost/users/2]


Processing UsersController#index (for 127.0.0.1 at 2010-08-06 08:59:34) [GET]
  [4;36;1mUser Load (0.0ms)[0m   [0;1mSELECT * FROM "users" [0m
Rendering template within layouts/users
Rendering users/index
Completed in 16ms (View: 16, DB: 0) | 200 OK [http://localhost/users]
  [4;36;1mSQL (0.0ms)[0m   [0;1m SELECT name
 FROM sqlite_master
 WHERE type = 'table' AND NOT name = 'sqlite_sequence'
[0m
  [4;35;1mSQL (0.0ms)[0m   [0mSELECT version FROM schema_migrations[0m
Migrating to CreateUsers (20100805230218)
Migrating to CreateMicroposts (20100806161012)
  [4;36;1mSQL (0.0ms)[0m   [0;1mselect sqlite_version(*)[0m
  [4;35;1mSQL (0.0ms)[0m   [0mCREATE TABLE "microposts" ("id" INTEGER PRIMARY KEY AUTOINCREMENT NOT NULL, "content" varchar(255), "user_id" integer, "created_at" datetime, "updated_at" datetime) [0m
  [4;36;1mSQL (0.0ms)[0m   [0;1mINSERT INTO schema_migrations (version) VALUES ('20100806161012')[0m
  [4;35;1mSQL (0.0ms)[0m   [0m SELECT name
 FROM sqlite_master
 WHERE type = 'table' AND NOT name = 'sqlite_sequence'
[0m
  [4;36;1mSQL (0.0ms)[0m   [0;1mSELECT version FROM schema_migrations[0m
  [4;35;1mSQL (0.0ms)[0m   [0m SELECT name
 FROM sqlite_master
 WHERE type = 'table' AND NOT name = 'sqlite_sequence'
[0m
  [4;36;1mSQL (0.0ms)[0m   [0;1mPRAGMA index_list("microposts")[0m
  [4;35;1mSQL (0.0ms)[0m   [0mPRAGMA index_list("users")[0m


Processing UsersController#index (for 127.0.0.1 at 2010-08-06 13:19:23) [GET]
  [4;35;1mUser Load (46.9ms)[0m   [0mSELECT * FROM "users" [0m
Rendering template within layouts/users
Rendering users/index
Completed in 312ms (View: 172, DB: 47) | 200 OK [http://localhost/users]


Processing UsersController#edit (for 127.0.0.1 at 2010-08-06 13:20:21) [GET]
  Parameters: {"id"=>"2"}
  [4;36;1mUser Load (0.0ms)[0m   [0;1mSELECT * FROM "users" WHERE ("users"."id" = 2) [0m
Rendering template within layouts/users
Rendering users/edit
Completed in 156ms (View: 141, DB: 0) | 200 OK [http://localhost/users/2/edit]


Processing MicropostsController#index (for 127.0.0.1 at 2010-08-06 13:55:01) [GET]
  [4;35;1mMicropost Load (0.0ms)[0m   [0mSELECT * FROM "microposts" [0m
Rendering template within layouts/microposts
Rendering microposts/index
Completed in 328ms (View: 328, DB: 0) | 200 OK [http://localhost/microposts]


Processing MicropostsController#new (for 127.0.0.1 at 2010-08-06 13:55:03) [GET]
Rendering template within layouts/microposts
Rendering microposts/new
Completed in 62ms (View: 47, DB: 0) | 200 OK [http://localhost/microposts/new]


Processing MicropostsController#create (for 127.0.0.1 at 2010-08-06 13:55:17) [POST]
  Parameters: {"authenticity_token"=>"cxsBHQGU29UF8XjyuGsYMDpm+FcROjASJWd8L9z1W/U=", "micropost"=>{"content"=>"first content", "user_id"=>"Dorky"}, "commit"=>"Create"}
  [4;36;1mMicropost Create (0.0ms)[0m   [0;1mINSERT INTO "microposts" ("content", "user_id", "created_at", "updated_at") VALUES('first content', 0, '2010-08-06 20:55:17', '2010-08-06 20:55:17')[0m
Redirected to http://localhost:3000/microposts/1
Completed in 156ms (DB: 0) | 302 Found [http://localhost/microposts]


Processing MicropostsController#show (for 127.0.0.1 at 2010-08-06 13:55:17) [GET]
  Parameters: {"id"=>"1"}
  [4;35;1mMicropost Load (0.0ms)[0m   [0mSELECT * FROM "microposts" WHERE ("microposts"."id" = 1) [0m
Rendering template within layouts/microposts
Rendering microposts/show
Completed in 47ms (View: 47, DB: 0) | 200 OK [http://localhost/microposts/1]


Processing MicropostsController#index (for 127.0.0.1 at 2010-08-06 13:55:23) [GET]
  [4;36;1mMicropost Load (0.0ms)[0m   [0;1mSELECT * FROM "microposts" [0m
Rendering template within layouts/microposts
Rendering microposts/index
Completed in 31ms (View: 16, DB: 0) | 200 OK [http://localhost/microposts]


Processing MicropostsController#new (for 127.0.0.1 at 2010-08-06 13:55:47) [GET]
Rendering template within layouts/microposts
Rendering microposts/new
Completed in 31ms (View: 16, DB: 0) | 200 OK [http://localhost/microposts/new]


Processing MicropostsController#create (for 127.0.0.1 at 2010-08-06 13:55:59) [POST]
  Parameters: {"authenticity_token"=>"cxsBHQGU29UF8XjyuGsYMDpm+FcROjASJWd8L9z1W/U=", "micropost"=>{"content"=>"second conten", "user_id"=>"z"}, "commit"=>"Create"}
  [4;35;1mMicropost Create (0.0ms)[0m   [0mINSERT INTO "microposts" ("content", "user_id", "created_at", "updated_at") VALUES('second conten', 0, '2010-08-06 20:55:59', '2010-08-06 20:55:59')[0m
Redirected to http://localhost:3000/microposts/2
Completed in 109ms (DB: 0) | 302 Found [http://localhost/microposts]


Processing MicropostsController#show (for 127.0.0.1 at 2010-08-06 13:55:59) [GET]
  Parameters: {"id"=>"2"}
  [4;36;1mMicropost Load (0.0ms)[0m   [0;1mSELECT * FROM "microposts" WHERE ("microposts"."id" = 2) [0m
Rendering template within layouts/microposts
Rendering microposts/show
Completed in 31ms (View: 16, DB: 0) | 200 OK [http://localhost/microposts/2]


Processing MicropostsController#index (for 127.0.0.1 at 2010-08-06 13:56:05) [GET]
  [4;35;1mMicropost Load (0.0ms)[0m   [0mSELECT * FROM "microposts" [0m
Rendering template within layouts/microposts
Rendering microposts/index
Completed in 31ms (View: 16, DB: 0) | 200 OK [http://localhost/microposts]


Processing UsersController#index (for 127.0.0.1 at 2010-08-06 13:56:12) [GET]
  [4;36;1mUser Load (0.0ms)[0m   [0;1mSELECT * FROM "users" [0m
Rendering template within layouts/users
Rendering users/index
Completed in 16ms (View: 16, DB: 0) | 200 OK [http://localhost/users]


Processing MicropostsController#new (for 127.0.0.1 at 2010-08-06 13:56:25) [GET]
Rendering template within layouts/microposts
Rendering microposts/new
Completed in 16ms (View: 16, DB: 0) | 200 OK [http://localhost/microposts/new]


Processing MicropostsController#create (for 127.0.0.1 at 2010-08-06 13:56:32) [POST]
  Parameters: {"authenticity_token"=>"cxsBHQGU29UF8XjyuGsYMDpm+FcROjASJWd8L9z1W/U=", "micropost"=>{"content"=>"third", "user_id"=>"dorzeyew@yahoocom"}, "commit"=>"Create"}
  [4;35;1mMicropost Create (0.0ms)[0m   [0mINSERT INTO "microposts" ("content", "user_id", "created_at", "updated_at") VALUES('third', 0, '2010-08-06 20:56:32', '2010-08-06 20:56:32')[0m
Redirected to http://localhost:3000/microposts/3
Completed in 141ms (DB: 0) | 302 Found [http://localhost/microposts]


Processing MicropostsController#show (for 127.0.0.1 at 2010-08-06 13:56:32) [GET]
  Parameters: {"id"=>"3"}
  [4;36;1mMicropost Load (0.0ms)[0m   [0;1mSELECT * FROM "microposts" WHERE ("microposts"."id" = 3) [0m
Rendering template within layouts/microposts
Rendering microposts/show
Completed in 16ms (View: 16, DB: 0) | 200 OK [http://localhost/microposts/3]


Processing MicropostsController#index (for 127.0.0.1 at 2010-08-06 13:57:11) [GET]
  [4;35;1mMicropost Load (0.0ms)[0m   [0mSELECT * FROM "microposts" [0m
Rendering template within layouts/microposts
Rendering microposts/index
Completed in 109ms (View: 16, DB: 0) | 200 OK [http://localhost/microposts]


Processing MicropostsController#new (for 127.0.0.1 at 2010-08-06 13:57:15) [GET]
Rendering template within layouts/microposts
Rendering microposts/new
Completed in 16ms (View: 16, DB: 0) | 200 OK [http://localhost/microposts/new]


Processing MicropostsController#create (for 127.0.0.1 at 2010-08-06 13:57:22) [POST]
  Parameters: {"authenticity_token"=>"cxsBHQGU29UF8XjyuGsYMDpm+FcROjASJWd8L9z1W/U=", "micropost"=>{"content"=>"fourth", "user_id"=>"1"}, "commit"=>"Create"}
  [4;36;1mMicropost Create (0.0ms)[0m   [0;1mINSERT INTO "microposts" ("content", "user_id", "created_at", "updated_at") VALUES('fourth', 1, '2010-08-06 20:57:22', '2010-08-06 20:57:22')[0m
Redirected to http://localhost:3000/microposts/4
Completed in 172ms (DB: 0) | 302 Found [http://localhost/microposts]


Processing MicropostsController#show (for 127.0.0.1 at 2010-08-06 13:57:23) [GET]
  Parameters: {"id"=>"4"}
  [4;35;1mMicropost Load (0.0ms)[0m   [0mSELECT * FROM "microposts" WHERE ("microposts"."id" = 4) [0m
Rendering template within layouts/microposts
Rendering microposts/show
Completed in 16ms (View: 0, DB: 0) | 200 OK [http://localhost/microposts/4]


Processing MicropostsController#index (for 127.0.0.1 at 2010-08-06 13:57:29) [GET]
  [4;36;1mMicropost Load (0.0ms)[0m   [0;1mSELECT * FROM "microposts" [0m
Rendering template within layouts/microposts
Rendering microposts/index
Completed in 16ms (View: 0, DB: 0) | 200 OK [http://localhost/microposts]


Processing MicropostsController#new (for 127.0.0.1 at 2010-08-06 14:02:56) [GET]
Rendering template within layouts/microposts
Rendering microposts/new
Completed in 16ms (View: 16, DB: 0) | 200 OK [http://localhost/microposts/new]


Processing MicropostsController#create (for 127.0.0.1 at 2010-08-06 14:03:02) [POST]
  Parameters: {"authenticity_token"=>"cxsBHQGU29UF8XjyuGsYMDpm+FcROjASJWd8L9z1W/U=", "micropost"=>{"content"=>"aaaaaaaaaaaaaaaaaaaaaaaaaaaaa", "user_id"=>"1"}, "commit"=>"Create"}
Rendering template within layouts/microposts
Rendering microposts/new
Completed in 47ms (View: 47, DB: 0) | 200 OK [http://localhost/microposts]


Processing MicropostsController#create (for 127.0.0.1 at 2010-08-06 14:03:21) [POST]
  Parameters: {"authenticity_token"=>"cxsBHQGU29UF8XjyuGsYMDpm+FcROjASJWd8L9z1W/U=", "micropost"=>{"content"=>"aaaaaaaaaaaaaaaaaaaaaaaaaaaaa", "user_id"=>"1"}, "commit"=>"Create"}
Rendering template within layouts/microposts
Rendering microposts/new
Completed in 31ms (View: 16, DB: 0) | 200 OK [http://localhost/microposts]


Processing MicropostsController#create (for 127.0.0.1 at 2010-08-06 14:03:25) [POST]
  Parameters: {"authenticity_token"=>"cxsBHQGU29UF8XjyuGsYMDpm+FcROjASJWd8L9z1W/U=", "micropost"=>{"content"=>"aaaaaaaaaaaaaaaaaa", "user_id"=>"1"}, "commit"=>"Create"}
Rendering template within layouts/microposts
Rendering microposts/new
Completed in 31ms (View: 16, DB: 0) | 200 OK [http://localhost/microposts]
  [4;36;1mUser Load (0.0ms)[0m   [0;1mSELECT * FROM "users" LIMIT 1[0m
  [4;35;1mMicropost Load (0.0ms)[0m   [0mSELECT * FROM "microposts" WHERE ("microposts".user_id = 1) [0m


Processing MicropostsController#index (for 127.0.0.1 at 2010-08-06 14:13:33) [GET]
  [4;35;1mMicropost Load (15.6ms)[0m   [0mSELECT * FROM "microposts" [0m
Rendering template within layouts/microposts
Rendering microposts/index
Completed in 156ms (View: 16, DB: 16) | 200 OK [http://localhost/microposts]


Processing MicropostsController#edit (for 127.0.0.1 at 2010-08-06 14:13:36) [GET]
  Parameters: {"id"=>"3"}
  [4;36;1mMicropost Load (0.0ms)[0m   [0;1mSELECT * FROM "microposts" WHERE ("microposts"."id" = 3) [0m
Rendering template within layouts/microposts
Rendering microposts/edit
Completed in 94ms (View: 78, DB: 0) | 200 OK [http://localhost/microposts/3/edit]


Processing MicropostsController#update (for 127.0.0.1 at 2010-08-06 14:13:38) [PUT]
  Parameters: {"authenticity_token"=>"cxsBHQGU29UF8XjyuGsYMDpm+FcROjASJWd8L9z1W/U=", "micropost"=>{"content"=>"third", "user_id"=>"1"}, "commit"=>"Update", "id"=>"3"}
  [4;35;1mMicropost Load (0.0ms)[0m   [0mSELECT * FROM "microposts" WHERE ("microposts"."id" = 3) [0m
  [4;36;1mMicropost Update (0.0ms)[0m   [0;1mUPDATE "microposts" SET "user_id" = 1, "updated_at" = '2010-08-06 21:13:39' WHERE "id" = 3[0m
Redirected to http://localhost:3000/microposts/3
Completed in 141ms (DB: 0) | 302 Found [http://localhost/microposts/3]


Processing MicropostsController#show (for 127.0.0.1 at 2010-08-06 14:13:39) [GET]
  Parameters: {"id"=>"3"}
  [4;35;1mMicropost Load (0.0ms)[0m   [0mSELECT * FROM "microposts" WHERE ("microposts"."id" = 3) [0m
Rendering template within layouts/microposts
Rendering microposts/show
Completed in 31ms (View: 0, DB: 0) | 200 OK [http://localhost/microposts/3]
  [4;36;1mUser Load (0.0ms)[0m   [0;1mSELECT * FROM "users" LIMIT 1[0m
  [4;35;1mMicropost Load (0.0ms)[0m   [0mSELECT * FROM "microposts" WHERE ("microposts".user_id = 1) [0m


Processing MicropostsController#edit (for 127.0.0.1 at 2010-08-06 14:14:49) [GET]
  Parameters: {"id"=>"3"}
  [4;36;1mMicropost Load (15.6ms)[0m   [0;1mSELECT * FROM "microposts" WHERE ("microposts"."id" = 3) [0m
Rendering template within layouts/microposts
Rendering microposts/edit
Completed in 47ms (View: 16, DB: 16) | 200 OK [http://localhost/microposts/3/edit]
